<?xml version="1.0" encoding="UTF-8"?>
<coverage generated="1519872726118" clover="3.2.0">
	<project timestamp="1519872726118"  name="All Files" >
		<metrics statements="1198"  coveredstatements="202"  conditionals="578"  coveredconditionals="11"  methods="212"  coveredmethods="11"  elements="1988"  coveredelements="224"  complexity="0"  packages="1"  files="7"  classes="7"  loc="2265"  ncloc="2265" />
		<package name="libs" >
			<metrics statements="1198"  coveredstatements="202"  conditionals="578"  coveredconditionals="11"  methods="212"  coveredmethods="11" />
			<file name="analytics.js"  path="/home/tvpage/Documents/widgets.goodlookingbean.com/themes/tvpage/static/libs/analytics.js" >
				<metrics statements="31"  coveredstatements="13"  conditionals="24"  coveredconditionals="10"  methods="6"  coveredmethods="2" />
				<line num="1"  count="1"  type="stmt" />
				<line num="2"  count="1"  type="stmt" />
				<line num="3"  count="3"  type="cond"  truecount="4"  falsecount="0" />
				<line num="4"  count="1"  type="stmt" />
				<line num="8"  count="2"  type="stmt" />
				<line num="10"  count="2"  type="stmt" />
				<line num="12"  count="2"  type="cond"  truecount="4"  falsecount="0" />
				<line num="13"  count="1"  type="stmt" />
				<line num="15"  count="1"  type="cond"  truecount="2"  falsecount="2" />
				<line num="16"  count="1"  type="stmt" />
				<line num="18"  count="0"  type="stmt" />
				<line num="19"  count="0"  type="stmt" />
				<line num="22"  count="1"  type="stmt" />
				<line num="23"  count="0"  type="stmt" />
				<line num="24"  count="0"  type="stmt" />
				<line num="29"  count="0"  type="stmt" />
				<line num="31"  count="0"  type="cond"  truecount="0"  falsecount="2" />
				<line num="32"  count="0"  type="stmt" />
				<line num="33"  count="0"  type="cond"  truecount="0"  falsecount="2" />
				<line num="34"  count="0"  type="stmt" />
				<line num="37"  count="0"  type="cond"  truecount="0"  falsecount="2" />
				<line num="38"  count="0"  type="stmt" />
				<line num="40"  count="0"  type="stmt" />
				<line num="41"  count="0"  type="stmt" />
				<line num="51"  count="1"  type="stmt" />
				<line num="52"  count="0"  type="stmt" />
				<line num="54"  count="0"  type="cond"  truecount="0"  falsecount="4" />
				<line num="55"  count="0"  type="stmt" />
				<line num="58"  count="0"  type="stmt" />
				<line num="59"  count="0"  type="cond"  truecount="0"  falsecount="2" />
				<line num="65"  count="1"  type="stmt" />
			</file>
			<file name="carousel.js"  path="/home/tvpage/Documents/widgets.goodlookingbean.com/themes/tvpage/static/libs/carousel.js" >
				<metrics statements="400"  coveredstatements="45"  conditionals="173"  coveredconditionals="0"  methods="56"  coveredmethods="1" />
				<line num="1"  count="1"  type="stmt" />
				<line num="2"  count="1"  type="stmt" />
				<line num="3"  count="0"  type="cond"  truecount="0"  falsecount="2" />
				<line num="4"  count="0"  type="cond"  truecount="0"  falsecount="2" />
				<line num="5"  count="0"  type="cond"  truecount="0"  falsecount="2" />
				<line num="6"  count="0"  type="stmt" />
				<line num="7"  count="0"  type="stmt" />
				<line num="8"  count="0"  type="stmt" />
				<line num="9"  count="0"  type="cond"  truecount="0"  falsecount="2" />
				<line num="10"  count="0"  type="stmt" />
				<line num="11"  count="0"  type="stmt" />
				<line num="12"  count="0"  type="stmt" />
				<line num="13"  count="0"  type="stmt" />
				<line num="14"  count="0"  type="cond"  truecount="0"  falsecount="2" />
				<line num="15"  count="0"  type="stmt" />
				<line num="16"  count="0"  type="stmt" />
				<line num="17"  count="0"  type="stmt" />
				<line num="18"  count="0"  type="stmt" />
				<line num="19"  count="0"  type="stmt" />
				<line num="20"  count="0"  type="stmt" />
				<line num="21"  count="0"  type="stmt" />
				<line num="22"  count="0"  type="stmt" />
				<line num="23"  count="0"  type="stmt" />
				<line num="24"  count="0"  type="stmt" />
				<line num="25"  count="0"  type="stmt" />
				<line num="27"  count="0"  type="stmt" />
				<line num="28"  count="0"  type="stmt" />
				<line num="31"  count="1"  type="stmt" />
				<line num="32"  count="0"  type="cond"  truecount="0"  falsecount="2" />
				<line num="35"  count="1"  type="stmt" />
				<line num="36"  count="0"  type="stmt" />
				<line num="47"  count="0"  type="stmt" />
				<line num="51"  count="0"  type="cond"  truecount="0"  falsecount="4" />
				<line num="52"  count="0"  type="stmt" />
				<line num="55"  count="0"  type="stmt" />
				<line num="57"  count="0"  type="stmt" />
				<line num="60"  count="1"  type="stmt" />
				<line num="61"  count="0"  type="stmt" />
				<line num="62"  count="0"  type="stmt" />
				<line num="63"  count="0"  type="cond"  truecount="0"  falsecount="2" />
				<line num="64"  count="0"  type="cond"  truecount="0"  falsecount="2" />
				<line num="65"  count="0"  type="stmt" />
				<line num="69"  count="0"  type="stmt" />
				<line num="70"  count="0"  type="stmt" />
				<line num="71"  count="0"  type="stmt" />
				<line num="72"  count="0"  type="stmt" />
				<line num="74"  count="0"  type="stmt" />
				<line num="75"  count="0"  type="stmt" />
				<line num="77"  count="0"  type="stmt" />
				<line num="79"  count="0"  type="stmt" />
				<line num="83"  count="1"  type="stmt" />
				<line num="84"  count="0"  type="stmt" />
				<line num="85"  count="0"  type="stmt" />
				<line num="86"  count="0"  type="cond"  truecount="0"  falsecount="2" />
				<line num="88"  count="1"  type="stmt" />
				<line num="89"  count="0"  type="stmt" />
				<line num="92"  count="1"  type="stmt" />
				<line num="93"  count="0"  type="cond"  truecount="0"  falsecount="4" />
				<line num="94"  count="0"  type="stmt" />
				<line num="97"  count="0"  type="stmt" />
				<line num="100"  count="0"  type="stmt" />
				<line num="101"  count="0"  type="stmt" />
				<line num="102"  count="0"  type="stmt" />
				<line num="103"  count="0"  type="stmt" />
				<line num="105"  count="0"  type="stmt" />
				<line num="106"  count="0"  type="stmt" />
				<line num="108"  count="0"  type="stmt" />
				<line num="109"  count="0"  type="stmt" />
				<line num="111"  count="0"  type="stmt" />
				<line num="115"  count="1"  type="stmt" />
				<line num="116"  count="0"  type="cond"  truecount="0"  falsecount="2" />
				<line num="117"  count="0"  type="stmt" />
				<line num="120"  count="0"  type="stmt" />
				<line num="122"  count="0"  type="cond"  truecount="0"  falsecount="2" />
				<line num="123"  count="0"  type="stmt" />
				<line num="126"  count="0"  type="stmt" />
				<line num="129"  count="1"  type="stmt" />
				<line num="130"  count="0"  type="stmt" />
				<line num="138"  count="1"  type="stmt" />
				<line num="139"  count="0"  type="stmt" />
				<line num="140"  count="0"  type="stmt" />
				<line num="142"  count="0"  type="cond"  truecount="0"  falsecount="5" />
				<line num="143"  count="0"  type="stmt" />
				<line num="146"  count="0"  type="stmt" />
				<line num="148"  count="0"  type="stmt" />
				<line num="149"  count="0"  type="stmt" />
				<line num="151"  count="1"  type="stmt" />
				<line num="152"  count="0"  type="stmt" />
				<line num="154"  count="0"  type="cond"  truecount="0"  falsecount="2" />
				<line num="155"  count="0"  type="stmt" />
				<line num="157"  count="0"  type="stmt" />
				<line num="160"  count="0"  type="stmt" />
				<line num="163"  count="0"  type="stmt" />
				<line num="165"  count="0"  type="cond"  truecount="0"  falsecount="2" />
				<line num="166"  count="0"  type="stmt" />
				<line num="169"  count="0"  type="cond"  truecount="0"  falsecount="2" />
				<line num="171"  count="0"  type="stmt" />
				<line num="172"  count="0"  type="stmt" />
				<line num="173"  count="0"  type="stmt" />
				<line num="175"  count="0"  type="cond"  truecount="0"  falsecount="2" />
				<line num="176"  count="0"  type="stmt" />
				<line num="179"  count="0"  type="cond"  truecount="0"  falsecount="2" />
				<line num="180"  count="0"  type="stmt" />
				<line num="185"  count="1"  type="stmt" />
				<line num="186"  count="0"  type="stmt" />
				<line num="192"  count="1"  type="stmt" />
				<line num="193"  count="0"  type="cond"  truecount="0"  falsecount="2" />
				<line num="194"  count="0"  type="stmt" />
				<line num="195"  count="0"  type="stmt" />
				<line num="199"  count="1"  type="stmt" />
				<line num="200"  count="0"  type="stmt" />
				<line num="202"  count="0"  type="cond"  truecount="0"  falsecount="2" />
				<line num="203"  count="0"  type="stmt" />
				<line num="206"  count="0"  type="stmt" />
				<line num="208"  count="0"  type="cond"  truecount="0"  falsecount="2" />
				<line num="211"  count="1"  type="stmt" />
				<line num="212"  count="0"  type="stmt" />
				<line num="214"  count="0"  type="stmt" />
				<line num="215"  count="0"  type="stmt" />
				<line num="217"  count="0"  type="stmt" />
				<line num="218"  count="0"  type="stmt" />
				<line num="223"  count="0"  type="stmt" />
				<line num="225"  count="0"  type="stmt" />
				<line num="226"  count="0"  type="stmt" />
				<line num="227"  count="0"  type="stmt" />
				<line num="228"  count="0"  type="stmt" />
				<line num="230"  count="0"  type="cond"  truecount="0"  falsecount="2" />
				<line num="231"  count="0"  type="stmt" />
				<line num="233"  count="0"  type="stmt" />
				<line num="235"  count="0"  type="stmt" />
				<line num="236"  count="0"  type="stmt" />
				<line num="238"  count="0"  type="stmt" />
				<line num="240"  count="0"  type="stmt" />
				<line num="243"  count="0"  type="stmt" />
				<line num="248"  count="1"  type="stmt" />
				<line num="249"  count="0"  type="cond"  truecount="0"  falsecount="2" />
				<line num="252"  count="0"  type="stmt" />
				<line num="253"  count="0"  type="stmt" />
				<line num="255"  count="0"  type="stmt" />
				<line num="256"  count="0"  type="stmt" />
				<line num="257"  count="0"  type="cond"  truecount="0"  falsecount="2" />
				<line num="259"  count="0"  type="cond"  truecount="0"  falsecount="4" />
				<line num="260"  count="0"  type="stmt" />
				<line num="262"  count="0"  type="stmt" />
				<line num="263"  count="0"  type="cond"  truecount="0"  falsecount="2" />
				<line num="264"  count="0"  type="stmt" />
				<line num="267"  count="0"  type="cond"  truecount="0"  falsecount="2" />
				<line num="268"  count="0"  type="stmt" />
				<line num="270"  count="0"  type="stmt" />
				<line num="278"  count="0"  type="cond"  truecount="0"  falsecount="2" />
				<line num="279"  count="0"  type="stmt" />
				<line num="280"  count="0"  type="cond"  truecount="0"  falsecount="4" />
				<line num="281"  count="0"  type="stmt" />
				<line num="282"  count="0"  type="cond"  truecount="0"  falsecount="2" />
				<line num="283"  count="0"  type="stmt" />
				<line num="287"  count="1"  type="stmt" />
				<line num="288"  count="0"  type="cond"  truecount="0"  falsecount="2" />
				<line num="289"  count="0"  type="stmt" />
				<line num="292"  count="0"  type="stmt" />
				<line num="293"  count="0"  type="stmt" />
				<line num="294"  count="0"  type="stmt" />
				<line num="295"  count="0"  type="stmt" />
				<line num="297"  count="0"  type="stmt" />
				<line num="298"  count="0"  type="stmt" />
				<line num="301"  count="0"  type="stmt" />
				<line num="302"  count="0"  type="stmt" />
				<line num="304"  count="0"  type="stmt" />
				<line num="307"  count="1"  type="stmt" />
				<line num="308"  count="0"  type="stmt" />
				<line num="312"  count="1"  type="stmt" />
				<line num="313"  count="0"  type="cond"  truecount="0"  falsecount="5" />
				<line num="314"  count="0"  type="stmt" />
				<line num="317"  count="0"  type="stmt" />
				<line num="320"  count="1"  type="stmt" />
				<line num="321"  count="0"  type="stmt" />
				<line num="323"  count="1"  type="stmt" />
				<line num="324"  count="0"  type="stmt" />
				<line num="335"  count="0"  type="stmt" />
				<line num="337"  count="0"  type="cond"  truecount="0"  falsecount="2" />
				<line num="340"  count="0"  type="stmt" />
				<line num="342"  count="0"  type="stmt" />
				<line num="343"  count="0"  type="cond"  truecount="0"  falsecount="2" />
				<line num="344"  count="0"  type="stmt" />
				<line num="346"  count="0"  type="stmt" />
				<line num="347"  count="0"  type="stmt" />
				<line num="350"  count="0"  type="stmt" />
				<line num="351"  count="0"  type="cond"  truecount="0"  falsecount="2" />
				<line num="352"  count="0"  type="stmt" />
				<line num="354"  count="0"  type="stmt" />
				<line num="355"  count="0"  type="stmt" />
				<line num="359"  count="1"  type="stmt" />
				<line num="360"  count="0"  type="stmt" />
				<line num="362"  count="0"  type="stmt" />
				<line num="363"  count="0"  type="stmt" />
				<line num="365"  count="0"  type="stmt" />
				<line num="366"  count="0"  type="stmt" />
				<line num="368"  count="0"  type="cond"  truecount="0"  falsecount="2" />
				<line num="369"  count="0"  type="stmt" />
				<line num="373"  count="1"  type="stmt" />
				<line num="374"  count="0"  type="stmt" />
				<line num="376"  count="0"  type="stmt" />
				<line num="378"  count="0"  type="stmt" />
				<line num="379"  count="0"  type="stmt" />
				<line num="381"  count="0"  type="cond"  truecount="0"  falsecount="2" />
				<line num="382"  count="0"  type="stmt" />
				<line num="386"  count="0"  type="stmt" />
				<line num="387"  count="0"  type="stmt" />
				<line num="390"  count="0"  type="stmt" />
				<line num="391"  count="0"  type="stmt" />
				<line num="394"  count="0"  type="stmt" />
				<line num="395"  count="0"  type="stmt" />
				<line num="398"  count="0"  type="stmt" />
				<line num="401"  count="1"  type="stmt" />
				<line num="403"  count="0"  type="stmt" />
				<line num="405"  count="0"  type="stmt" />
				<line num="407"  count="1"  type="stmt" />
				<line num="408"  count="0"  type="stmt" />
				<line num="409"  count="0"  type="stmt" />
				<line num="413"  count="0"  type="cond"  truecount="0"  falsecount="2" />
				<line num="414"  count="0"  type="stmt" />
				<line num="420"  count="0"  type="stmt" />
				<line num="424"  count="1"  type="stmt" />
				<line num="425"  count="0"  type="stmt" />
				<line num="426"  count="0"  type="stmt" />
				<line num="427"  count="0"  type="stmt" />
				<line num="429"  count="0"  type="stmt" />
				<line num="430"  count="0"  type="stmt" />
				<line num="432"  count="0"  type="cond"  truecount="0"  falsecount="2" />
				<line num="433"  count="0"  type="stmt" />
				<line num="437"  count="1"  type="stmt" />
				<line num="438"  count="0"  type="stmt" />
				<line num="440"  count="0"  type="stmt" />
				<line num="441"  count="0"  type="stmt" />
				<line num="443"  count="0"  type="stmt" />
				<line num="446"  count="0"  type="stmt" />
				<line num="449"  count="1"  type="stmt" />
				<line num="450"  count="0"  type="stmt" />
				<line num="451"  count="0"  type="stmt" />
				<line num="452"  count="0"  type="stmt" />
				<line num="454"  count="0"  type="stmt" />
				<line num="455"  count="0"  type="stmt" />
				<line num="458"  count="0"  type="stmt" />
				<line num="461"  count="1"  type="stmt" />
				<line num="462"  count="0"  type="stmt" />
				<line num="463"  count="0"  type="stmt" />
				<line num="465"  count="1"  type="stmt" />
				<line num="466"  count="0"  type="stmt" />
				<line num="471"  count="0"  type="stmt" />
				<line num="472"  count="0"  type="stmt" />
				<line num="473"  count="0"  type="stmt" />
				<line num="475"  count="0"  type="stmt" />
				<line num="476"  count="0"  type="stmt" />
				<line num="478"  count="0"  type="cond"  truecount="0"  falsecount="2" />
				<line num="479"  count="0"  type="stmt" />
				<line num="483"  count="0"  type="stmt" />
				<line num="484"  count="0"  type="stmt" />
				<line num="485"  count="0"  type="stmt" />
				<line num="488"  count="0"  type="cond"  truecount="0"  falsecount="5" />
				<line num="489"  count="0"  type="stmt" />
				<line num="490"  count="0"  type="stmt" />
				<line num="492"  count="0"  type="stmt" />
				<line num="495"  count="0"  type="stmt" />
				<line num="497"  count="0"  type="stmt" />
				<line num="502"  count="1"  type="stmt" />
				<line num="503"  count="0"  type="cond"  truecount="0"  falsecount="2" />
				<line num="504"  count="0"  type="stmt" />
				<line num="507"  count="0"  type="stmt" />
				<line num="509"  count="0"  type="stmt" />
				<line num="510"  count="0"  type="stmt" />
				<line num="512"  count="0"  type="stmt" />
				<line num="514"  count="0"  type="cond"  truecount="0"  falsecount="2" />
				<line num="515"  count="0"  type="stmt" />
				<line num="517"  count="0"  type="cond"  truecount="0"  falsecount="2" />
				<line num="518"  count="0"  type="stmt" />
				<line num="520"  count="0"  type="stmt" />
				<line num="523"  count="0"  type="stmt" />
				<line num="526"  count="1"  type="stmt" />
				<line num="527"  count="0"  type="stmt" />
				<line num="529"  count="0"  type="stmt" />
				<line num="531"  count="0"  type="cond"  truecount="0"  falsecount="2" />
				<line num="532"  count="0"  type="stmt" />
				<line num="534"  count="0"  type="stmt" />
				<line num="537"  count="1"  type="stmt" />
				<line num="538"  count="0"  type="cond"  truecount="0"  falsecount="2" />
				<line num="539"  count="0"  type="cond"  truecount="0"  falsecount="2" />
				<line num="540"  count="0"  type="cond"  truecount="0"  falsecount="2" />
				<line num="541"  count="0"  type="cond"  truecount="0"  falsecount="2" />
				<line num="542"  count="0"  type="stmt" />
				<line num="543"  count="0"  type="stmt" />
				<line num="544"  count="0"  type="stmt" />
				<line num="545"  count="0"  type="stmt" />
				<line num="547"  count="0"  type="cond"  truecount="0"  falsecount="2" />
				<line num="549"  count="0"  type="stmt" />
				<line num="550"  count="0"  type="stmt" />
				<line num="552"  count="0"  type="cond"  truecount="0"  falsecount="2" />
				<line num="553"  count="0"  type="stmt" />
				<line num="555"  count="0"  type="cond"  truecount="0"  falsecount="2" />
				<line num="556"  count="0"  type="stmt" />
				<line num="558"  count="0"  type="stmt" />
				<line num="563"  count="0"  type="stmt" />
				<line num="566"  count="1"  type="stmt" />
				<line num="567"  count="0"  type="stmt" />
				<line num="568"  count="0"  type="stmt" />
				<line num="570"  count="0"  type="cond"  truecount="0"  falsecount="4" />
				<line num="571"  count="0"  type="stmt" />
				<line num="573"  count="0"  type="stmt" />
				<line num="576"  count="0"  type="stmt" />
				<line num="578"  count="0"  type="stmt" />
				<line num="582"  count="0"  type="stmt" />
				<line num="583"  count="0"  type="cond"  truecount="0"  falsecount="2" />
				<line num="584"  count="0"  type="cond"  truecount="0"  falsecount="2" />
				<line num="586"  count="0"  type="cond"  truecount="0"  falsecount="2" />
				<line num="589"  count="0"  type="stmt" />
				<line num="590"  count="0"  type="stmt" />
				<line num="591"  count="0"  type="stmt" />
				<line num="593"  count="1"  type="stmt" />
				<line num="594"  count="0"  type="stmt" />
				<line num="595"  count="0"  type="stmt" />
				<line num="597"  count="0"  type="stmt" />
				<line num="600"  count="1"  type="stmt" />
				<line num="601"  count="0"  type="cond"  truecount="0"  falsecount="2" />
				<line num="603"  count="0"  type="stmt" />
				<line num="605"  count="0"  type="stmt" />
				<line num="607"  count="0"  type="cond"  truecount="0"  falsecount="2" />
				<line num="608"  count="0"  type="stmt" />
				<line num="611"  count="1"  type="stmt" />
				<line num="612"  count="0"  type="stmt" />
				<line num="613"  count="0"  type="stmt" />
				<line num="615"  count="0"  type="stmt" />
				<line num="616"  count="0"  type="stmt" />
				<line num="617"  count="0"  type="stmt" />
				<line num="619"  count="0"  type="stmt" />
				<line num="623"  count="0"  type="cond"  truecount="0"  falsecount="2" />
				<line num="624"  count="0"  type="stmt" />
				<line num="626"  count="0"  type="stmt" />
				<line num="630"  count="0"  type="cond"  truecount="0"  falsecount="2" />
				<line num="631"  count="0"  type="stmt" />
				<line num="634"  count="0"  type="cond"  truecount="0"  falsecount="2" />
				<line num="636"  count="0"  type="stmt" />
				<line num="638"  count="0"  type="stmt" />
				<line num="642"  count="0"  type="stmt" />
				<line num="644"  count="0"  type="stmt" />
				<line num="646"  count="0"  type="stmt" />
				<line num="648"  count="0"  type="stmt" />
				<line num="650"  count="0"  type="stmt" />
				<line num="652"  count="0"  type="cond"  truecount="0"  falsecount="2" />
				<line num="654"  count="0"  type="stmt" />
				<line num="658"  count="1"  type="stmt" />
				<line num="659"  count="0"  type="stmt" />
				<line num="660"  count="0"  type="stmt" />
				<line num="661"  count="0"  type="stmt" />
				<line num="663"  count="0"  type="stmt" />
				<line num="664"  count="0"  type="stmt" />
				<line num="666"  count="0"  type="stmt" />
				<line num="668"  count="0"  type="stmt" />
				<line num="672"  count="1"  type="stmt" />
				<line num="673"  count="0"  type="stmt" />
				<line num="674"  count="0"  type="stmt" />
				<line num="676"  count="0"  type="stmt" />
				<line num="677"  count="0"  type="cond"  truecount="0"  falsecount="2" />
				<line num="678"  count="0"  type="stmt" />
				<line num="682"  count="1"  type="stmt" />
				<line num="683"  count="0"  type="stmt" />
				<line num="685"  count="0"  type="cond"  truecount="0"  falsecount="2" />
				<line num="687"  count="0"  type="cond"  truecount="0"  falsecount="2" />
				<line num="688"  count="0"  type="stmt" />
				<line num="689"  count="0"  type="cond"  truecount="0"  falsecount="2" />
				<line num="690"  count="0"  type="stmt" />
				<line num="692"  count="0"  type="cond"  truecount="0"  falsecount="2" />
				<line num="693"  count="0"  type="stmt" />
				<line num="696"  count="0"  type="stmt" />
				<line num="697"  count="0"  type="cond"  truecount="0"  falsecount="2" />
				<line num="698"  count="0"  type="stmt" />
				<line num="700"  count="0"  type="stmt" />
				<line num="702"  count="0"  type="stmt" />
				<line num="705"  count="0"  type="stmt" />
				<line num="707"  count="0"  type="cond"  truecount="0"  falsecount="2" />
				<line num="708"  count="0"  type="stmt" />
				<line num="711"  count="1"  type="stmt" />
				<line num="712"  count="0"  type="cond"  truecount="0"  falsecount="2" />
				<line num="713"  count="0"  type="stmt" />
				<line num="715"  count="0"  type="stmt" />
				<line num="717"  count="0"  type="stmt" />
				<line num="718"  count="0"  type="stmt" />
				<line num="723"  count="0"  type="cond"  truecount="0"  falsecount="2" />
				<line num="724"  count="0"  type="stmt" />
				<line num="727"  count="0"  type="stmt" />
				<line num="731"  count="0"  type="stmt" />
				<line num="733"  count="0"  type="cond"  truecount="0"  falsecount="2" />
				<line num="734"  count="0"  type="stmt" />
				<line num="737"  count="0"  type="cond"  truecount="0"  falsecount="2" />
				<line num="738"  count="0"  type="stmt" />
				<line num="742"  count="0"  type="stmt" />
				<line num="745"  count="1"  type="stmt" />
				<line num="746"  count="0"  type="cond"  truecount="0"  falsecount="2" />
				<line num="747"  count="0"  type="stmt" />
				<line num="750"  count="0"  type="stmt" />
				<line num="752"  count="0"  type="stmt" />
				<line num="755"  count="1"  type="stmt" />
				<line num="758"  count="1"  type="stmt" />
			</file>
			<file name="grid.js"  path="/home/tvpage/Documents/widgets.goodlookingbean.com/themes/tvpage/static/libs/grid.js" >
				<metrics statements="107"  coveredstatements="14"  conditionals="46"  coveredconditionals="0"  methods="17"  coveredmethods="1" />
				<line num="1"  count="1"  type="stmt" />
				<line num="2"  count="1"  type="stmt" />
				<line num="3"  count="0"  type="cond"  truecount="0"  falsecount="2" />
				<line num="4"  count="0"  type="cond"  truecount="0"  falsecount="2" />
				<line num="5"  count="0"  type="cond"  truecount="0"  falsecount="2" />
				<line num="6"  count="0"  type="stmt" />
				<line num="7"  count="0"  type="stmt" />
				<line num="8"  count="0"  type="cond"  truecount="0"  falsecount="2" />
				<line num="9"  count="0"  type="stmt" />
				<line num="10"  count="0"  type="cond"  truecount="0"  falsecount="2" />
				<line num="11"  count="0"  type="stmt" />
				<line num="12"  count="0"  type="stmt" />
				<line num="13"  count="0"  type="cond"  truecount="0"  falsecount="2" />
				<line num="14"  count="0"  type="cond"  truecount="0"  falsecount="2" />
				<line num="15"  count="0"  type="cond"  truecount="0"  falsecount="2" />
				<line num="16"  count="0"  type="cond"  truecount="0"  falsecount="2" />
				<line num="17"  count="0"  type="stmt" />
				<line num="18"  count="0"  type="stmt" />
				<line num="19"  count="0"  type="stmt" />
				<line num="22"  count="1"  type="stmt" />
				<line num="23"  count="0"  type="stmt" />
				<line num="25"  count="0"  type="stmt" />
				<line num="26"  count="0"  type="cond"  truecount="0"  falsecount="2" />
				<line num="27"  count="0"  type="stmt" />
				<line num="31"  count="1"  type="stmt" />
				<line num="32"  count="0"  type="cond"  truecount="0"  falsecount="2" />
				<line num="33"  count="0"  type="stmt" />
				<line num="36"  count="0"  type="stmt" />
				<line num="38"  count="0"  type="cond"  truecount="0"  falsecount="2" />
				<line num="39"  count="0"  type="stmt" />
				<line num="43"  count="0"  type="cond"  truecount="0"  falsecount="2" />
				<line num="44"  count="0"  type="stmt" />
				<line num="46"  count="0"  type="stmt" />
				<line num="48"  count="0"  type="stmt" />
				<line num="51"  count="0"  type="stmt" />
				<line num="54"  count="1"  type="stmt" />
				<line num="55"  count="0"  type="stmt" />
				<line num="56"  count="0"  type="stmt" />
				<line num="59"  count="0"  type="cond"  truecount="0"  falsecount="2" />
				<line num="60"  count="0"  type="stmt" />
				<line num="63"  count="0"  type="stmt" />
				<line num="65"  count="0"  type="stmt" />
				<line num="66"  count="0"  type="stmt" />
				<line num="68"  count="1"  type="stmt" />
				<line num="69"  count="0"  type="stmt" />
				<line num="70"  count="0"  type="stmt" />
				<line num="72"  count="0"  type="stmt" />
				<line num="73"  count="0"  type="stmt" />
				<line num="76"  count="0"  type="stmt" />
				<line num="78"  count="0"  type="stmt" />
				<line num="81"  count="1"  type="stmt" />
				<line num="82"  count="0"  type="stmt" />
				<line num="84"  count="0"  type="stmt" />
				<line num="85"  count="0"  type="stmt" />
				<line num="86"  count="0"  type="stmt" />
				<line num="87"  count="0"  type="stmt" />
				<line num="89"  count="0"  type="stmt" />
				<line num="90"  count="0"  type="stmt" />
				<line num="94"  count="0"  type="stmt" />
				<line num="97"  count="0"  type="stmt" />
				<line num="99"  count="0"  type="stmt" />
				<line num="100"  count="0"  type="stmt" />
				<line num="102"  count="0"  type="stmt" />
				<line num="103"  count="0"  type="stmt" />
				<line num="106"  count="1"  type="stmt" />
				<line num="107"  count="0"  type="stmt" />
				<line num="109"  count="0"  type="stmt" />
				<line num="111"  count="0"  type="stmt" />
				<line num="122"  count="0"  type="cond"  truecount="0"  falsecount="2" />
				<line num="123"  count="0"  type="stmt" />
				<line num="126"  count="0"  type="cond"  truecount="0"  falsecount="4" />
				<line num="127"  count="0"  type="stmt" />
				<line num="130"  count="0"  type="stmt" />
				<line num="132"  count="0"  type="stmt" />
				<line num="134"  count="0"  type="stmt" />
				<line num="138"  count="1"  type="stmt" />
				<line num="139"  count="0"  type="cond"  truecount="0"  falsecount="2" />
				<line num="140"  count="0"  type="stmt" />
				<line num="141"  count="0"  type="stmt" />
				<line num="143"  count="0"  type="stmt" />
				<line num="147"  count="1"  type="stmt" />
				<line num="148"  count="0"  type="stmt" />
				<line num="149"  count="0"  type="stmt" />
				<line num="150"  count="0"  type="cond"  truecount="0"  falsecount="2" />
				<line num="151"  count="0"  type="cond"  truecount="0"  falsecount="2" />
				<line num="152"  count="0"  type="stmt" />
				<line num="156"  count="0"  type="stmt" />
				<line num="157"  count="0"  type="stmt" />
				<line num="159"  count="0"  type="stmt" />
				<line num="160"  count="0"  type="stmt" />
				<line num="161"  count="0"  type="stmt" />
				<line num="165"  count="1"  type="stmt" />
				<line num="166"  count="0"  type="stmt" />
				<line num="168"  count="1"  type="stmt" />
				<line num="169"  count="0"  type="cond"  truecount="0"  falsecount="2" />
				<line num="170"  count="0"  type="stmt" />
				<line num="172"  count="0"  type="stmt" />
				<line num="174"  count="0"  type="stmt" />
				<line num="175"  count="0"  type="cond"  truecount="0"  falsecount="2" />
				<line num="176"  count="0"  type="stmt" />
				<line num="179"  count="0"  type="stmt" />
				<line num="181"  count="0"  type="stmt" />
				<line num="182"  count="0"  type="stmt" />
				<line num="188"  count="0"  type="stmt" />
				<line num="189"  count="0"  type="stmt" />
				<line num="192"  count="1"  type="stmt" />
				<line num="195"  count="1"  type="stmt" />
			</file>
			<file name="modal.js"  path="/home/tvpage/Documents/widgets.goodlookingbean.com/themes/tvpage/static/libs/modal.js" >
				<metrics statements="60"  coveredstatements="14"  conditionals="28"  coveredconditionals="0"  methods="18"  coveredmethods="1" />
				<line num="1"  count="1"  type="stmt" />
				<line num="2"  count="1"  type="stmt" />
				<line num="3"  count="0"  type="cond"  truecount="0"  falsecount="2" />
				<line num="4"  count="0"  type="cond"  truecount="0"  falsecount="2" />
				<line num="5"  count="0"  type="stmt" />
				<line num="6"  count="0"  type="cond"  truecount="0"  falsecount="2" />
				<line num="8"  count="0"  type="cond"  truecount="0"  falsecount="2" />
				<line num="9"  count="0"  type="stmt" />
				<line num="12"  count="1"  type="stmt" />
				<line num="13"  count="0"  type="stmt" />
				<line num="16"  count="1"  type="stmt" />
				<line num="17"  count="0"  type="stmt" />
				<line num="19"  count="0"  type="stmt" />
				<line num="24"  count="0"  type="stmt" />
				<line num="28"  count="1"  type="stmt" />
				<line num="29"  count="0"  type="stmt" />
				<line num="32"  count="1"  type="stmt" />
				<line num="33"  count="0"  type="stmt" />
				<line num="35"  count="0"  type="cond"  truecount="0"  falsecount="4" />
				<line num="36"  count="0"  type="stmt" />
				<line num="39"  count="1"  type="stmt" />
				<line num="40"  count="0"  type="stmt" />
				<line num="42"  count="0"  type="cond"  truecount="0"  falsecount="4" />
				<line num="43"  count="0"  type="stmt" />
				<line num="46"  count="1"  type="stmt" />
				<line num="47"  count="0"  type="stmt" />
				<line num="49"  count="0"  type="cond"  truecount="0"  falsecount="2" />
				<line num="50"  count="0"  type="stmt" />
				<line num="54"  count="1"  type="stmt" />
				<line num="55"  count="0"  type="cond"  truecount="0"  falsecount="2" />
				<line num="58"  count="1"  type="stmt" />
				<line num="59"  count="0"  type="stmt" />
				<line num="61"  count="0"  type="cond"  truecount="0"  falsecount="2" />
				<line num="62"  count="0"  type="stmt" />
				<line num="65"  count="1"  type="stmt" />
				<line num="66"  count="0"  type="stmt" />
				<line num="68"  count="0"  type="cond"  truecount="0"  falsecount="2" />
				<line num="69"  count="0"  type="stmt" />
				<line num="72"  count="1"  type="stmt" />
				<line num="73"  count="0"  type="stmt" />
				<line num="74"  count="0"  type="stmt" />
				<line num="76"  count="0"  type="stmt" />
				<line num="78"  count="0"  type="cond"  truecount="0"  falsecount="2" />
				<line num="79"  count="0"  type="stmt" />
				<line num="83"  count="1"  type="stmt" />
				<line num="84"  count="0"  type="stmt" />
				<line num="86"  count="0"  type="stmt" />
				<line num="88"  count="0"  type="stmt" />
				<line num="89"  count="0"  type="stmt" />
				<line num="92"  count="0"  type="stmt" />
				<line num="93"  count="0"  type="stmt" />
				<line num="96"  count="0"  type="stmt" />
				<line num="97"  count="0"  type="stmt" />
				<line num="100"  count="0"  type="stmt" />
				<line num="101"  count="0"  type="stmt" />
				<line num="104"  count="0"  type="stmt" />
				<line num="106"  count="0"  type="stmt" />
				<line num="108"  count="0"  type="cond"  truecount="0"  falsecount="2" />
				<line num="109"  count="0"  type="stmt" />
				<line num="113"  count="1"  type="stmt" />
			</file>
			<file name="player.js"  path="/home/tvpage/Documents/widgets.goodlookingbean.com/themes/tvpage/static/libs/player.js" >
				<metrics statements="203"  coveredstatements="30"  conditionals="114"  coveredconditionals="0"  methods="36"  coveredmethods="1" />
				<line num="1"  count="1"  type="stmt" />
				<line num="2"  count="1"  type="stmt" />
				<line num="3"  count="0"  type="cond"  truecount="0"  falsecount="2" />
				<line num="4"  count="0"  type="cond"  truecount="0"  falsecount="2" />
				<line num="6"  count="0"  type="stmt" />
				<line num="10"  count="1"  type="stmt" />
				<line num="11"  count="0"  type="cond"  truecount="0"  falsecount="2" />
				<line num="12"  count="0"  type="cond"  truecount="0"  falsecount="2" />
				<line num="13"  count="0"  type="stmt" />
				<line num="14"  count="0"  type="stmt" />
				<line num="15"  count="0"  type="stmt" />
				<line num="16"  count="0"  type="stmt" />
				<line num="17"  count="0"  type="cond"  truecount="0"  falsecount="2" />
				<line num="18"  count="0"  type="stmt" />
				<line num="19"  count="0"  type="stmt" />
				<line num="22"  count="1"  type="stmt" />
				<line num="23"  count="0"  type="cond"  truecount="0"  falsecount="2" />
				<line num="26"  count="1"  type="stmt" />
				<line num="27"  count="0"  type="cond"  truecount="0"  falsecount="2" />
				<line num="30"  count="1"  type="stmt" />
				<line num="31"  count="0"  type="stmt" />
				<line num="43"  count="1"  type="stmt" />
				<line num="44"  count="0"  type="stmt" />
				<line num="60"  count="1"  type="stmt" />
				<line num="61"  count="0"  type="cond"  truecount="0"  falsecount="4" />
				<line num="62"  count="0"  type="stmt" />
				<line num="64"  count="0"  type="stmt" />
				<line num="66"  count="0"  type="stmt" />
				<line num="75"  count="1"  type="stmt" />
				<line num="76"  count="0"  type="cond"  truecount="0"  falsecount="4" />
				<line num="79"  count="1"  type="stmt" />
				<line num="80"  count="0"  type="cond"  truecount="0"  falsecount="2" />
				<line num="81"  count="0"  type="stmt" />
				<line num="82"  count="0"  type="stmt" />
				<line num="83"  count="0"  type="stmt" />
				<line num="85"  count="0"  type="stmt" />
				<line num="88"  count="0"  type="cond"  truecount="0"  falsecount="2" />
				<line num="89"  count="0"  type="stmt" />
				<line num="91"  count="0"  type="cond"  truecount="0"  falsecount="2" />
				<line num="92"  count="0"  type="stmt" />
				<line num="94"  count="0"  type="stmt" />
				<line num="98"  count="1"  type="stmt" />
				<line num="99"  count="0"  type="stmt" />
				<line num="100"  count="0"  type="cond"  truecount="0"  falsecount="4" />
				<line num="101"  count="0"  type="stmt" />
				<line num="105"  count="1"  type="stmt" />
				<line num="106"  count="0"  type="stmt" />
				<line num="107"  count="0"  type="stmt" />
				<line num="109"  count="0"  type="cond"  truecount="0"  falsecount="2" />
				<line num="110"  count="0"  type="stmt" />
				<line num="111"  count="0"  type="cond"  truecount="0"  falsecount="2" />
				<line num="112"  count="0"  type="stmt" />
				<line num="114"  count="0"  type="stmt" />
				<line num="117"  count="1"  type="stmt" />
				<line num="118"  count="0"  type="cond"  truecount="0"  falsecount="2" />
				<line num="119"  count="0"  type="stmt" />
				<line num="121"  count="0"  type="cond"  truecount="0"  falsecount="2" />
				<line num="122"  count="0"  type="cond"  truecount="0"  falsecount="2" />
				<line num="124"  count="0"  type="cond"  truecount="0"  falsecount="4" />
				<line num="129"  count="0"  type="cond"  truecount="0"  falsecount="4" />
				<line num="130"  count="0"  type="stmt" />
				<line num="133"  count="0"  type="stmt" />
				<line num="135"  count="0"  type="cond"  truecount="0"  falsecount="2" />
				<line num="136"  count="0"  type="stmt" />
				<line num="139"  count="1"  type="stmt" />
				<line num="140"  count="0"  type="stmt" />
				<line num="142"  count="0"  type="stmt" />
				<line num="143"  count="0"  type="stmt" />
				<line num="147"  count="0"  type="stmt" />
				<line num="148"  count="0"  type="stmt" />
				<line num="151"  count="1"  type="stmt" />
				<line num="152"  count="0"  type="stmt" />
				<line num="153"  count="0"  type="stmt" />
				<line num="154"  count="0"  type="cond"  truecount="0"  falsecount="2" />
				<line num="155"  count="0"  type="cond"  truecount="0"  falsecount="2" />
				<line num="156"  count="0"  type="stmt" />
				<line num="160"  count="0"  type="stmt" />
				<line num="161"  count="0"  type="stmt" />
				<line num="164"  count="1"  type="stmt" />
				<line num="165"  count="0"  type="stmt" />
				<line num="166"  count="0"  type="stmt" />
				<line num="167"  count="0"  type="stmt" />
				<line num="169"  count="0"  type="stmt" />
				<line num="175"  count="0"  type="cond"  truecount="0"  falsecount="4" />
				<line num="176"  count="0"  type="stmt" />
				<line num="178"  count="0"  type="stmt" />
				<line num="179"  count="0"  type="stmt" />
				<line num="181"  count="0"  type="cond"  truecount="0"  falsecount="2" />
				<line num="182"  count="0"  type="stmt" />
				<line num="189"  count="1"  type="stmt" />
				<line num="190"  count="0"  type="stmt" />
				<line num="193"  count="1"  type="stmt" />
				<line num="194"  count="0"  type="stmt" />
				<line num="195"  count="0"  type="stmt" />
				<line num="196"  count="0"  type="stmt" />
				<line num="198"  count="0"  type="stmt" />
				<line num="199"  count="0"  type="stmt" />
				<line num="201"  count="0"  type="cond"  truecount="0"  falsecount="2" />
				<line num="202"  count="0"  type="stmt" />
				<line num="209"  count="0"  type="stmt" />
				<line num="212"  count="1"  type="stmt" />
				<line num="213"  count="0"  type="cond"  truecount="0"  falsecount="2" />
				<line num="214"  count="0"  type="stmt" />
				<line num="216"  count="0"  type="stmt" />
				<line num="218"  count="0"  type="stmt" />
				<line num="219"  count="0"  type="stmt" />
				<line num="220"  count="0"  type="stmt" />
				<line num="221"  count="0"  type="stmt" />
				<line num="223"  count="0"  type="cond"  truecount="0"  falsecount="2" />
				<line num="224"  count="0"  type="stmt" />
				<line num="229"  count="1"  type="stmt" />
				<line num="230"  count="0"  type="stmt" />
				<line num="232"  count="0"  type="cond"  truecount="0"  falsecount="2" />
				<line num="233"  count="0"  type="stmt" />
				<line num="236"  count="0"  type="stmt" />
				<line num="238"  count="0"  type="stmt" />
				<line num="240"  count="0"  type="cond"  truecount="0"  falsecount="2" />
				<line num="241"  count="0"  type="stmt" />
				<line num="245"  count="1"  type="stmt" />
				<line num="246"  count="0"  type="cond"  truecount="0"  falsecount="2" />
				<line num="247"  count="0"  type="stmt" />
				<line num="250"  count="0"  type="cond"  truecount="0"  falsecount="2" />
				<line num="251"  count="0"  type="cond"  truecount="0"  falsecount="2" />
				<line num="252"  count="0"  type="stmt" />
				<line num="254"  count="0"  type="stmt" />
				<line num="258"  count="1"  type="stmt" />
				<line num="259"  count="0"  type="cond"  truecount="0"  falsecount="2" />
				<line num="260"  count="0"  type="stmt" />
				<line num="261"  count="0"  type="stmt" />
				<line num="262"  count="0"  type="stmt" />
				<line num="263"  count="0"  type="cond"  truecount="0"  falsecount="4" />
				<line num="264"  count="0"  type="stmt" />
				<line num="267"  count="0"  type="stmt" />
				<line num="270"  count="1"  type="stmt" />
				<line num="271"  count="0"  type="stmt" />
				<line num="289"  count="1"  type="stmt" />
				<line num="290"  count="0"  type="stmt" />
				<line num="291"  count="0"  type="stmt" />
				<line num="293"  count="0"  type="stmt" />
				<line num="294"  count="0"  type="stmt" />
				<line num="295"  count="0"  type="stmt" />
				<line num="296"  count="0"  type="stmt" />
				<line num="297"  count="0"  type="stmt" />
				<line num="300"  count="0"  type="stmt" />
				<line num="301"  count="0"  type="stmt" />
				<line num="304"  count="0"  type="stmt" />
				<line num="306"  count="0"  type="stmt" />
				<line num="308"  count="0"  type="stmt" />
				<line num="310"  count="0"  type="stmt" />
				<line num="311"  count="0"  type="stmt" />
				<line num="313"  count="0"  type="cond"  truecount="0"  falsecount="2" />
				<line num="314"  count="0"  type="stmt" />
				<line num="316"  count="0"  type="stmt" />
				<line num="317"  count="0"  type="stmt" />
				<line num="320"  count="0"  type="stmt" />
				<line num="322"  count="0"  type="stmt" />
				<line num="326"  count="1"  type="stmt" />
				<line num="327"  count="0"  type="stmt" />
				<line num="328"  count="0"  type="stmt" />
				<line num="330"  count="0"  type="cond"  truecount="0"  falsecount="2" />
				<line num="331"  count="0"  type="stmt" />
				<line num="332"  count="0"  type="cond"  truecount="0"  falsecount="2" />
				<line num="333"  count="0"  type="stmt" />
				<line num="334"  count="0"  type="cond"  truecount="0"  falsecount="2" />
				<line num="335"  count="0"  type="stmt" />
				<line num="338"  count="0"  type="stmt" />
				<line num="341"  count="1"  type="stmt" />
				<line num="342"  count="0"  type="cond"  truecount="0"  falsecount="2" />
				<line num="343"  count="0"  type="stmt" />
				<line num="345"  count="0"  type="stmt" />
				<line num="347"  count="0"  type="stmt" />
				<line num="348"  count="0"  type="stmt" />
				<line num="349"  count="0"  type="stmt" />
				<line num="350"  count="0"  type="cond"  truecount="0"  falsecount="2" />
				<line num="351"  count="0"  type="stmt" />
				<line num="357"  count="0"  type="cond"  truecount="0"  falsecount="2" />
				<line num="361"  count="0"  type="stmt" />
				<line num="364"  count="1"  type="stmt" />
				<line num="365"  count="0"  type="cond"  truecount="0"  falsecount="2" />
				<line num="367"  count="0"  type="stmt" />
				<line num="368"  count="0"  type="stmt" />
				<line num="369"  count="0"  type="stmt" />
				<line num="371"  count="0"  type="stmt" />
				<line num="372"  count="0"  type="stmt" />
				<line num="374"  count="0"  type="cond"  truecount="0"  falsecount="2" />
				<line num="375"  count="0"  type="stmt" />
				<line num="380"  count="1"  type="stmt" />
				<line num="381"  count="0"  type="stmt" />
				<line num="382"  count="0"  type="stmt" />
				<line num="383"  count="0"  type="stmt" />
				<line num="384"  count="0"  type="stmt" />
				<line num="385"  count="0"  type="stmt" />
				<line num="386"  count="0"  type="stmt" />
				<line num="387"  count="0"  type="stmt" />
				<line num="388"  count="0"  type="stmt" />
				<line num="389"  count="0"  type="stmt" />
				<line num="392"  count="1"  type="stmt" />
				<line num="393"  count="0"  type="stmt" />
				<line num="394"  count="0"  type="stmt" />
				<line num="395"  count="0"  type="stmt" />
				<line num="396"  count="0"  type="stmt" />
				<line num="397"  count="0"  type="stmt" />
				<line num="400"  count="1"  type="stmt" />
			</file>
			<file name="rail.js"  path="/home/tvpage/Documents/widgets.goodlookingbean.com/themes/tvpage/static/libs/rail.js" >
				<metrics statements="144"  coveredstatements="17"  conditionals="46"  coveredconditionals="0"  methods="21"  coveredmethods="1" />
				<line num="1"  count="1"  type="stmt" />
				<line num="2"  count="1"  type="stmt" />
				<line num="3"  count="0"  type="cond"  truecount="0"  falsecount="2" />
				<line num="4"  count="0"  type="cond"  truecount="0"  falsecount="2" />
				<line num="5"  count="0"  type="stmt" />
				<line num="6"  count="0"  type="cond"  truecount="0"  falsecount="2" />
				<line num="7"  count="0"  type="stmt" />
				<line num="8"  count="0"  type="stmt" />
				<line num="9"  count="0"  type="stmt" />
				<line num="10"  count="0"  type="stmt" />
				<line num="11"  count="0"  type="stmt" />
				<line num="12"  count="0"  type="stmt" />
				<line num="15"  count="1"  type="stmt" />
				<line num="16"  count="0"  type="stmt" />
				<line num="18"  count="0"  type="stmt" />
				<line num="19"  count="0"  type="cond"  truecount="0"  falsecount="2" />
				<line num="20"  count="0"  type="stmt" />
				<line num="24"  count="1"  type="stmt" />
				<line num="25"  count="0"  type="stmt" />
				<line num="27"  count="0"  type="stmt" />
				<line num="28"  count="0"  type="stmt" />
				<line num="30"  count="0"  type="cond"  truecount="0"  falsecount="2" />
				<line num="31"  count="0"  type="stmt" />
				<line num="35"  count="1"  type="stmt" />
				<line num="36"  count="0"  type="stmt" />
				<line num="37"  count="0"  type="stmt" />
				<line num="38"  count="0"  type="cond"  truecount="0"  falsecount="2" />
				<line num="39"  count="0"  type="cond"  truecount="0"  falsecount="2" />
				<line num="40"  count="0"  type="stmt" />
				<line num="44"  count="0"  type="stmt" />
				<line num="45"  count="0"  type="stmt" />
				<line num="48"  count="1"  type="stmt" />
				<line num="49"  count="0"  type="stmt" />
				<line num="50"  count="0"  type="stmt" />
				<line num="51"  count="0"  type="cond"  truecount="0"  falsecount="2" />
				<line num="52"  count="0"  type="cond"  truecount="0"  falsecount="2" />
				<line num="53"  count="0"  type="stmt" />
				<line num="57"  count="0"  type="stmt" />
				<line num="58"  count="0"  type="stmt" />
				<line num="60"  count="0"  type="stmt" />
				<line num="61"  count="0"  type="stmt" />
				<line num="62"  count="0"  type="stmt" />
				<line num="66"  count="1"  type="stmt" />
				<line num="67"  count="0"  type="stmt" />
				<line num="69"  count="0"  type="cond"  truecount="0"  falsecount="2" />
				<line num="70"  count="0"  type="stmt" />
				<line num="73"  count="0"  type="stmt" />
				<line num="74"  count="0"  type="stmt" />
				<line num="77"  count="1"  type="stmt" />
				<line num="78"  count="0"  type="cond"  truecount="0"  falsecount="2" />
				<line num="79"  count="0"  type="stmt" />
				<line num="80"  count="0"  type="stmt" />
				<line num="83"  count="0"  type="stmt" />
				<line num="86"  count="1"  type="stmt" />
				<line num="87"  count="0"  type="stmt" />
				<line num="88"  count="0"  type="stmt" />
				<line num="91"  count="0"  type="cond"  truecount="0"  falsecount="4" />
				<line num="92"  count="0"  type="stmt" />
				<line num="94"  count="0"  type="stmt" />
				<line num="96"  count="0"  type="cond"  truecount="0"  falsecount="2" />
				<line num="97"  count="0"  type="stmt" />
				<line num="100"  count="0"  type="stmt" />
				<line num="103"  count="0"  type="stmt" />
				<line num="105"  count="0"  type="stmt" />
				<line num="106"  count="0"  type="stmt" />
				<line num="107"  count="0"  type="stmt" />
				<line num="109"  count="1"  type="stmt" />
				<line num="110"  count="0"  type="stmt" />
				<line num="111"  count="0"  type="stmt" />
				<line num="112"  count="0"  type="stmt" />
				<line num="114"  count="0"  type="stmt" />
				<line num="115"  count="0"  type="stmt" />
				<line num="118"  count="0"  type="stmt" />
				<line num="120"  count="0"  type="stmt" />
				<line num="123"  count="1"  type="stmt" />
				<line num="124"  count="0"  type="stmt" />
				<line num="125"  count="0"  type="stmt" />
				<line num="126"  count="0"  type="stmt" />
				<line num="128"  count="0"  type="stmt" />
				<line num="129"  count="0"  type="stmt" />
				<line num="130"  count="0"  type="stmt" />
				<line num="131"  count="0"  type="stmt" />
				<line num="133"  count="0"  type="stmt" />
				<line num="134"  count="0"  type="stmt" />
				<line num="138"  count="0"  type="stmt" />
				<line num="142"  count="1"  type="stmt" />
				<line num="143"  count="0"  type="stmt" />
				<line num="145"  count="0"  type="stmt" />
				<line num="146"  count="0"  type="stmt" />
				<line num="147"  count="0"  type="stmt" />
				<line num="149"  count="0"  type="stmt" />
				<line num="151"  count="0"  type="cond"  truecount="0"  falsecount="4" />
				<line num="152"  count="0"  type="stmt" />
				<line num="155"  count="0"  type="stmt" />
				<line num="159"  count="1"  type="stmt" />
				<line num="160"  count="0"  type="stmt" />
				<line num="162"  count="0"  type="stmt" />
				<line num="164"  count="0"  type="stmt" />
				<line num="167"  count="0"  type="cond"  truecount="0"  falsecount="2" />
				<line num="168"  count="0"  type="stmt" />
				<line num="169"  count="0"  type="stmt" />
				<line num="170"  count="0"  type="stmt" />
				<line num="171"  count="0"  type="stmt" />
				<line num="173"  count="0"  type="stmt" />
				<line num="174"  count="0"  type="stmt" />
				<line num="175"  count="0"  type="cond"  truecount="0"  falsecount="2" />
				<line num="176"  count="0"  type="stmt" />
				<line num="178"  count="0"  type="stmt" />
				<line num="180"  count="0"  type="stmt" />
				<line num="181"  count="0"  type="stmt" />
				<line num="183"  count="0"  type="stmt" />
				<line num="185"  count="0"  type="stmt" />
				<line num="187"  count="0"  type="stmt" />
				<line num="194"  count="0"  type="stmt" />
				<line num="196"  count="0"  type="stmt" />
				<line num="197"  count="0"  type="cond"  truecount="0"  falsecount="2" />
				<line num="198"  count="0"  type="stmt" />
				<line num="203"  count="0"  type="stmt" />
				<line num="205"  count="0"  type="stmt" />
				<line num="207"  count="0"  type="stmt" />
				<line num="208"  count="0"  type="stmt" />
				<line num="210"  count="0"  type="stmt" />
				<line num="212"  count="0"  type="stmt" />
				<line num="214"  count="0"  type="stmt" />
				<line num="218"  count="1"  type="stmt" />
				<line num="221"  count="1"  type="stmt" />
				<line num="222"  count="0"  type="stmt" />
				<line num="224"  count="0"  type="stmt" />
				<line num="226"  count="0"  type="stmt" />
				<line num="227"  count="0"  type="cond"  truecount="0"  falsecount="2" />
				<line num="228"  count="0"  type="stmt" />
				<line num="231"  count="1"  type="stmt" />
				<line num="232"  count="0"  type="stmt" />
				<line num="234"  count="0"  type="stmt" />
				<line num="236"  count="0"  type="stmt" />
				<line num="248"  count="0"  type="stmt" />
				<line num="250"  count="0"  type="cond"  truecount="0"  falsecount="2" />
				<line num="251"  count="0"  type="stmt" />
				<line num="254"  count="0"  type="cond"  truecount="0"  falsecount="2" />
				<line num="255"  count="0"  type="stmt" />
				<line num="258"  count="0"  type="stmt" />
				<line num="260"  count="0"  type="cond"  truecount="0"  falsecount="2" />
				<line num="261"  count="0"  type="stmt" />
				<line num="266"  count="1"  type="stmt" />
			</file>
			<file name="utils.js"  path="/home/tvpage/Documents/widgets.goodlookingbean.com/themes/tvpage/static/libs/utils.js" >
				<metrics statements="253"  coveredstatements="69"  conditionals="147"  coveredconditionals="1"  methods="58"  coveredmethods="4" />
				<line num="1"  count="1"  type="stmt" />
				<line num="2"  count="1"  type="stmt" />
				<line num="8"  count="1"  type="stmt" />
				<line num="9"  count="0"  type="stmt" />
				<line num="12"  count="1"  type="stmt" />
				<line num="13"  count="0"  type="stmt" />
				<line num="16"  count="1"  type="stmt" />
				<line num="17"  count="0"  type="stmt" />
				<line num="20"  count="1"  type="stmt" />
				<line num="21"  count="1"  type="stmt" />
				<line num="24"  count="1"  type="stmt" />
				<line num="25"  count="0"  type="cond"  truecount="0"  falsecount="2" />
				<line num="28"  count="1"  type="stmt" />
				<line num="29"  count="2"  type="stmt" />
				<line num="32"  count="1"  type="stmt" />
				<line num="33"  count="0"  type="stmt" />
				<line num="36"  count="1"  type="stmt" />
				<line num="37"  count="0"  type="cond"  truecount="0"  falsecount="4" />
				<line num="40"  count="1"  type="stmt" />
				<line num="41"  count="0"  type="cond"  truecount="0"  falsecount="2" />
				<line num="42"  count="0"  type="stmt" />
				<line num="43"  count="0"  type="cond"  truecount="0"  falsecount="2" />
				<line num="44"  count="0"  type="stmt" />
				<line num="46"  count="0"  type="stmt" />
				<line num="47"  count="0"  type="cond"  truecount="0"  falsecount="2" />
				<line num="48"  count="0"  type="stmt" />
				<line num="51"  count="0"  type="stmt" />
				<line num="54"  count="1"  type="stmt" />
				<line num="55"  count="0"  type="stmt" />
				<line num="56"  count="0"  type="cond"  truecount="0"  falsecount="2" />
				<line num="57"  count="0"  type="stmt" />
				<line num="60"  count="0"  type="stmt" />
				<line num="63"  count="1"  type="stmt" />
				<line num="64"  count="0"  type="stmt" />
				<line num="66"  count="0"  type="cond"  truecount="0"  falsecount="2" />
				<line num="67"  count="0"  type="stmt" />
				<line num="68"  count="0"  type="cond"  truecount="0"  falsecount="2" />
				<line num="69"  count="0"  type="stmt" />
				<line num="72"  count="0"  type="stmt" />
				<line num="75"  count="1"  type="stmt" />
				<line num="76"  count="0"  type="stmt" />
				<line num="77"  count="0"  type="cond"  truecount="0"  falsecount="2" />
				<line num="78"  count="0"  type="cond"  truecount="0"  falsecount="2" />
				<line num="79"  count="0"  type="stmt" />
				<line num="81"  count="0"  type="stmt" />
				<line num="82"  count="0"  type="cond"  truecount="0"  falsecount="2" />
				<line num="83"  count="0"  type="cond"  truecount="0"  falsecount="2" />
				<line num="84"  count="0"  type="stmt" />
				<line num="88"  count="0"  type="cond"  truecount="0"  falsecount="2" />
				<line num="89"  count="0"  type="stmt" />
				<line num="91"  count="0"  type="stmt" />
				<line num="92"  count="0"  type="cond"  truecount="0"  falsecount="2" />
				<line num="93"  count="0"  type="stmt" />
				<line num="96"  count="0"  type="stmt" />
				<line num="99"  count="0"  type="stmt" />
				<line num="101"  count="0"  type="stmt" />
				<line num="105"  count="1"  type="stmt" />
				<line num="107"  count="1"  type="stmt" />
				<line num="109"  count="1"  type="cond"  truecount="1"  falsecount="1" />
				<line num="111"  count="1"  type="stmt" />
				<line num="112"  count="0"  type="stmt" />
				<line num="115"  count="1"  type="stmt" />
				<line num="116"  count="0"  type="stmt" />
				<line num="118"  count="0"  type="cond"  truecount="0"  falsecount="4" />
				<line num="119"  count="0"  type="stmt" />
				<line num="122"  count="0"  type="cond"  truecount="0"  falsecount="2" />
				<line num="123"  count="0"  type="stmt" />
				<line num="127"  count="1"  type="stmt" />
				<line num="128"  count="1"  type="stmt" />
				<line num="129"  count="1"  type="stmt" />
				<line num="131"  count="1"  type="stmt" />
				<line num="132"  count="0"  type="stmt" />
				<line num="133"  count="0"  type="cond"  truecount="0"  falsecount="4" />
				<line num="134"  count="0"  type="stmt" />
				<line num="136"  count="0"  type="stmt" />
				<line num="139"  count="1"  type="stmt" />
				<line num="140"  count="0"  type="stmt" />
				<line num="143"  count="1"  type="stmt" />
				<line num="144"  count="0"  type="stmt" />
				<line num="147"  count="1"  type="stmt" />
				<line num="149"  count="1"  type="stmt" />
				<line num="150"  count="0"  type="cond"  truecount="0"  falsecount="2" />
				<line num="151"  count="0"  type="stmt" />
				<line num="152"  count="0"  type="stmt" />
				<line num="156"  count="1"  type="stmt" />
				<line num="158"  count="1"  type="stmt" />
				<line num="159"  count="0"  type="cond"  truecount="0"  falsecount="2" />
				<line num="160"  count="0"  type="stmt" />
				<line num="164"  count="1"  type="stmt" />
				<line num="165"  count="0"  type="cond"  truecount="0"  falsecount="2" />
				<line num="166"  count="0"  type="stmt" />
				<line num="170"  count="1"  type="stmt" />
				<line num="171"  count="0"  type="cond"  truecount="0"  falsecount="2" />
				<line num="172"  count="0"  type="stmt" />
				<line num="176"  count="1"  type="stmt" />
				<line num="177"  count="0"  type="cond"  truecount="0"  falsecount="2" />
				<line num="178"  count="0"  type="stmt" />
				<line num="182"  count="1"  type="stmt" />
				<line num="183"  count="0"  type="stmt" />
				<line num="184"  count="0"  type="cond"  truecount="0"  falsecount="2" />
				<line num="185"  count="0"  type="cond"  truecount="0"  falsecount="2" />
				<line num="186"  count="0"  type="stmt" />
				<line num="191"  count="0"  type="stmt" />
				<line num="194"  count="1"  type="stmt" />
				<line num="196"  count="1"  type="stmt" />
				<line num="198"  count="1"  type="stmt" />
				<line num="200"  count="1"  type="stmt" />
				<line num="201"  count="0"  type="cond"  truecount="0"  falsecount="2" />
				<line num="202"  count="0"  type="stmt" />
				<line num="205"  count="1"  type="stmt" />
				<line num="206"  count="0"  type="cond"  truecount="0"  falsecount="2" />
				<line num="209"  count="1"  type="stmt" />
				<line num="210"  count="2"  type="stmt" />
				<line num="213"  count="1"  type="stmt" />
				<line num="215"  count="1"  type="stmt" />
				<line num="216"  count="0"  type="stmt" />
				<line num="219"  count="1"  type="stmt" />
				<line num="221"  count="1"  type="stmt" />
				<line num="222"  count="0"  type="stmt" />
				<line num="223"  count="0"  type="cond"  truecount="0"  falsecount="2" />
				<line num="224"  count="0"  type="stmt" />
				<line num="226"  count="0"  type="stmt" />
				<line num="229"  count="1"  type="stmt" />
				<line num="230"  count="0"  type="cond"  truecount="0"  falsecount="2" />
				<line num="231"  count="0"  type="stmt" />
				<line num="233"  count="0"  type="stmt" />
				<line num="235"  count="0"  type="stmt" />
				<line num="237"  count="0"  type="stmt" />
				<line num="238"  count="0"  type="cond"  truecount="0"  falsecount="2" />
				<line num="241"  count="0"  type="cond"  truecount="0"  falsecount="2" />
				<line num="244"  count="1"  type="stmt" />
				<line num="245"  count="0"  type="stmt" />
				<line num="249"  count="0"  type="cond"  truecount="0"  falsecount="2" />
				<line num="250"  count="0"  type="cond"  truecount="0"  falsecount="2" />
				<line num="251"  count="0"  type="stmt" />
				<line num="254"  count="1"  type="stmt" />
				<line num="255"  count="0"  type="cond"  truecount="0"  falsecount="2" />
				<line num="256"  count="0"  type="stmt" />
				<line num="257"  count="0"  type="cond"  truecount="0"  falsecount="2" />
				<line num="258"  count="0"  type="stmt" />
				<line num="261"  count="1"  type="stmt" />
				<line num="263"  count="1"  type="stmt" />
				<line num="264"  count="0"  type="stmt" />
				<line num="265"  count="0"  type="stmt" />
				<line num="266"  count="0"  type="stmt" />
				<line num="268"  count="0"  type="stmt" />
				<line num="269"  count="0"  type="stmt" />
				<line num="270"  count="0"  type="cond"  truecount="0"  falsecount="2" />
				<line num="272"  count="0"  type="cond"  truecount="0"  falsecount="2" />
				<line num="273"  count="0"  type="stmt" />
				<line num="274"  count="0"  type="stmt" />
				<line num="275"  count="0"  type="cond"  truecount="0"  falsecount="2" />
				<line num="279"  count="1"  type="stmt" />
				<line num="280"  count="0"  type="cond"  truecount="0"  falsecount="2" />
				<line num="281"  count="0"  type="cond"  truecount="0"  falsecount="2" />
				<line num="282"  count="0"  type="cond"  truecount="0"  falsecount="2" />
				<line num="283"  count="0"  type="stmt" />
				<line num="285"  count="0"  type="stmt" />
				<line num="288"  count="1"  type="stmt" />
				<line num="289"  count="0"  type="cond"  truecount="0"  falsecount="2" />
				<line num="292"  count="1"  type="stmt" />
				<line num="293"  count="0"  type="cond"  truecount="0"  falsecount="4" />
				<line num="294"  count="0"  type="stmt" />
				<line num="297"  count="0"  type="stmt" />
				<line num="312"  count="1"  type="stmt" />
				<line num="314"  count="1"  type="stmt" />
				<line num="316"  count="1"  type="stmt" />
				<line num="317"  count="0"  type="stmt" />
				<line num="318"  count="0"  type="cond"  truecount="0"  falsecount="4" />
				<line num="319"  count="0"  type="stmt" />
				<line num="321"  count="0"  type="cond"  truecount="0"  falsecount="2" />
				<line num="323"  count="0"  type="stmt" />
				<line num="324"  count="0"  type="cond"  truecount="0"  falsecount="2" />
				<line num="325"  count="0"  type="stmt" />
				<line num="327"  count="0"  type="stmt" />
				<line num="335"  count="1"  type="stmt" />
				<line num="336"  count="0"  type="cond"  truecount="0"  falsecount="2" />
				<line num="337"  count="0"  type="stmt" />
				<line num="338"  count="0"  type="stmt" />
				<line num="339"  count="0"  type="cond"  truecount="0"  falsecount="2" />
				<line num="340"  count="0"  type="stmt" />
				<line num="343"  count="1"  type="stmt" />
				<line num="344"  count="0"  type="stmt" />
				<line num="345"  count="0"  type="stmt" />
				<line num="347"  count="0"  type="stmt" />
				<line num="348"  count="0"  type="stmt" />
				<line num="351"  count="0"  type="stmt" />
				<line num="354"  count="1"  type="stmt" />
				<line num="355"  count="0"  type="cond"  truecount="0"  falsecount="3" />
				<line num="358"  count="1"  type="stmt" />
				<line num="359"  count="0"  type="cond"  truecount="0"  falsecount="2" />
				<line num="362"  count="1"  type="stmt" />
				<line num="363"  count="0"  type="cond"  truecount="0"  falsecount="2" />
				<line num="366"  count="1"  type="stmt" />
				<line num="367"  count="0"  type="cond"  truecount="0"  falsecount="4" />
				<line num="368"  count="0"  type="stmt" />
				<line num="370"  count="0"  type="stmt" />
				<line num="371"  count="0"  type="stmt" />
				<line num="373"  count="0"  type="stmt" />
				<line num="376"  count="1"  type="stmt" />
				<line num="377"  count="0"  type="cond"  truecount="0"  falsecount="4" />
				<line num="378"  count="0"  type="stmt" />
				<line num="379"  count="0"  type="stmt" />
				<line num="381"  count="0"  type="stmt" />
				<line num="382"  count="0"  type="cond"  truecount="0"  falsecount="4" />
				<line num="385"  count="0"  type="stmt" />
				<line num="389"  count="1"  type="stmt" />
				<line num="390"  count="0"  type="cond"  truecount="0"  falsecount="2" />
				<line num="391"  count="0"  type="stmt" />
				<line num="394"  count="0"  type="stmt" />
				<line num="396"  count="0"  type="stmt" />
				<line num="397"  count="0"  type="stmt" />
				<line num="398"  count="0"  type="cond"  truecount="0"  falsecount="4" />
				<line num="399"  count="0"  type="stmt" />
				<line num="400"  count="0"  type="cond"  truecount="0"  falsecount="2" />
				<line num="401"  count="0"  type="stmt" />
				<line num="403"  count="0"  type="stmt" />
				<line num="409"  count="1"  type="stmt" />
				<line num="410"  count="0"  type="cond"  truecount="0"  falsecount="2" />
				<line num="411"  count="0"  type="stmt" />
				<line num="413"  count="0"  type="stmt" />
				<line num="414"  count="0"  type="stmt" />
				<line num="415"  count="0"  type="stmt" />
				<line num="416"  count="0"  type="stmt" />
				<line num="418"  count="0"  type="stmt" />
				<line num="419"  count="0"  type="stmt" />
				<line num="421"  count="0"  type="stmt" />
				<line num="423"  count="0"  type="stmt" />
				<line num="424"  count="0"  type="stmt" />
				<line num="426"  count="0"  type="cond"  truecount="0"  falsecount="2" />
				<line num="427"  count="0"  type="stmt" />
				<line num="430"  count="0"  type="stmt" />
				<line num="433"  count="1"  type="stmt" />
				<line num="434"  count="0"  type="cond"  truecount="0"  falsecount="2" />
				<line num="436"  count="0"  type="stmt" />
				<line num="437"  count="0"  type="stmt" />
				<line num="439"  count="0"  type="stmt" />
				<line num="440"  count="0"  type="stmt" />
				<line num="441"  count="0"  type="stmt" />
				<line num="442"  count="0"  type="stmt" />
				<line num="444"  count="0"  type="stmt" />
				<line num="445"  count="0"  type="stmt" />
				<line num="447"  count="0"  type="cond"  truecount="0"  falsecount="2" />
				<line num="448"  count="0"  type="stmt" />
				<line num="450"  count="0"  type="stmt" />
				<line num="454"  count="0"  type="cond"  truecount="0"  falsecount="2" />
				<line num="455"  count="0"  type="cond"  truecount="0"  falsecount="2" />
				<line num="456"  count="0"  type="stmt" />
				<line num="457"  count="0"  type="cond"  truecount="0"  falsecount="2" />
				<line num="458"  count="0"  type="stmt" />
				<line num="460"  count="0"  type="stmt" />
				<line num="466"  count="1"  type="stmt" />
				<line num="468"  count="1"  type="stmt" />
			</file>
		</package>
	</project>
</coverage>
